{"kind":"ObjectId","message":"Cast to ObjectId failed for value \"WIN_20211116_11_29_24_Pro.jpg\" (type string) at path \"_id\" for model \"products\"","name":"CastError","path":"_id","reason":{},"stringValue":"\"WIN_20211116_11_29_24_Pro.jpg\"","value":"WIN_20211116_11_29_24_Pro.jpg","valueType":"string"}
{"kind":"ObjectId","message":"Cast to ObjectId failed for value \"WIN_20211116_11_29_24_Pro.jpg\" (type string) at path \"_id\" for model \"products\"","name":"CastError","path":"_id","reason":{},"stringValue":"\"WIN_20211116_11_29_24_Pro.jpg\"","value":"WIN_20211116_11_29_24_Pro.jpg","valueType":"string"}
{"kind":"ObjectId","message":"Cast to ObjectId failed for value \"WIN_20211116_11_29_24_Pro.jpg\" (type string) at path \"_id\" for model \"products\"","name":"CastError","path":"_id","reason":{},"stringValue":"\"WIN_20211116_11_29_24_Pro.jpg\"","value":"WIN_20211116_11_29_24_Pro.jpg","valueType":"string"}
{"kind":"ObjectId","message":"Cast to ObjectId failed for value \"WIN_20211116_11_29_24_Pro.jpg\" (type string) at path \"_id\" for model \"products\"","name":"CastError","path":"_id","reason":{},"stringValue":"\"WIN_20211116_11_29_24_Pro.jpg\"","value":"WIN_20211116_11_29_24_Pro.jpg","valueType":"string"}
{"kind":"ObjectId","message":"Cast to ObjectId failed for value \"WIN_20211116_11_29_24_Pro.jpg\" (type string) at path \"_id\" for model \"products\"","name":"CastError","path":"_id","reason":{},"stringValue":"\"WIN_20211116_11_29_24_Pro.jpg\"","value":"WIN_20211116_11_29_24_Pro.jpg","valueType":"string"}
{"kind":"ObjectId","message":"Cast to ObjectId failed for value \"WIN_20211116_11_29_24_Pro.jpg\" (type string) at path \"_id\" for model \"products\"","name":"CastError","path":"_id","reason":{},"stringValue":"\"WIN_20211116_11_29_24_Pro.jpg\"","value":"WIN_20211116_11_29_24_Pro.jpg","valueType":"string"}
{"kind":"ObjectId","message":"Cast to ObjectId failed for value \"WIN_20211116_11_29_24_Pro.jpg\" (type string) at path \"_id\" for model \"products\"","name":"CastError","path":"_id","reason":{},"stringValue":"\"WIN_20211116_11_29_24_Pro.jpg\"","value":"WIN_20211116_11_29_24_Pro.jpg","valueType":"string"}
{"kind":"ObjectId","message":"Cast to ObjectId failed for value \"WIN_20211116_11_29_24_Pro.jpg\" (type string) at path \"_id\" for model \"products\"","name":"CastError","path":"_id","reason":{},"stringValue":"\"WIN_20211116_11_29_24_Pro.jpg\"","value":"WIN_20211116_11_29_24_Pro.jpg","valueType":"string"}
{"kind":"ObjectId","message":"Cast to ObjectId failed for value \"bdust2.jpg\" (type string) at path \"_id\" for model \"products\"","name":"CastError","path":"_id","reason":{},"stringValue":"\"bdust2.jpg\"","value":"bdust2.jpg","valueType":"string"}
{"kind":"ObjectId","message":"Cast to ObjectId failed for value \"lucasavatar.jpg\" (type string) at path \"_id\" for model \"products\"","name":"CastError","path":"_id","reason":{},"stringValue":"\"lucasavatar.jpg\"","value":"lucasavatar.jpg","valueType":"string"}
{"kind":"ObjectId","message":"Cast to ObjectId failed for value \"lucasavatar.jpg\" (type string) at path \"_id\" for model \"products\"","name":"CastError","path":"_id","reason":{},"stringValue":"\"lucasavatar.jpg\"","value":"lucasavatar.jpg","valueType":"string"}
{"kind":"ObjectId","message":"Cast to ObjectId failed for value \"lucasavatar.jpg\" (type string) at path \"_id\" for model \"products\"","name":"CastError","path":"_id","reason":{},"stringValue":"\"lucasavatar.jpg\"","value":"lucasavatar.jpg","valueType":"string"}
{"kind":"ObjectId","message":"Cast to ObjectId failed for value \"lucasavatar.jpg\" (type string) at path \"_id\" for model \"products\"","name":"CastError","path":"_id","reason":{},"stringValue":"\"lucasavatar.jpg\"","value":"lucasavatar.jpg","valueType":"string"}
{"kind":"ObjectId","message":"Cast to ObjectId failed for value \"lucasavatar.jpg\" (type string) at path \"_id\" for model \"products\"","name":"CastError","path":"_id","reason":{},"stringValue":"\"lucasavatar.jpg\"","value":"lucasavatar.jpg","valueType":"string"}
{"kind":"ObjectId","message":"Cast to ObjectId failed for value \"lucasavatar.jpg\" (type string) at path \"_id\" for model \"products\"","name":"CastError","path":"_id","reason":{},"stringValue":"\"lucasavatar.jpg\"","value":"lucasavatar.jpg","valueType":"string"}
{"kind":"ObjectId","message":"Cast to ObjectId failed for value \"test\" (type string) at path \"_id\" for model \"products\"","name":"CastError","path":"_id","reason":{},"stringValue":"\"test\"","value":"test","valueType":"string"}
{"kind":"ObjectId","message":"Cast to ObjectId failed for value \"test\" (type string) at path \"_id\" for model \"products\"","name":"CastError","path":"_id","reason":{},"stringValue":"\"test\"","value":"test","valueType":"string"}
{"kind":"ObjectId","message":"Cast to ObjectId failed for value \"test\" (type string) at path \"_id\" for model \"products\"","name":"CastError","path":"_id","reason":{},"stringValue":"\"test\"","value":"test","valueType":"string"}
{"kind":"ObjectId","message":"Cast to ObjectId failed for value \"asd\" (type string) at path \"_id\" for model \"products\"","name":"CastError","path":"_id","reason":{},"stringValue":"\"asd\"","value":"asd","valueType":"string"}
{"kind":"ObjectId","message":"Cast to ObjectId failed for value \"asd\" (type string) at path \"_id\" for model \"products\"","name":"CastError","path":"_id","reason":{},"stringValue":"\"asd\"","value":"asd","valueType":"string"}
{"kind":"ObjectId","message":"Cast to ObjectId failed for value \"wd1dw\" (type string) at path \"_id\" for model \"products\"","name":"CastError","path":"_id","reason":{},"stringValue":"\"wd1dw\"","value":"wd1dw","valueType":"string"}
{"kind":"ObjectId","message":"Cast to ObjectId failed for value \"test\" (type string) at path \"_id\" for model \"products\"","name":"CastError","path":"_id","reason":{},"stringValue":"\"test\"","value":"test","valueType":"string"}
{"kind":"ObjectId","message":"Cast to ObjectId failed for value \"test\" (type string) at path \"_id\" for model \"products\"","name":"CastError","path":"_id","reason":{},"stringValue":"\"test\"","value":"test","valueType":"string"}
{"kind":"ObjectId","message":"Cast to ObjectId failed for value \"asd\" (type string) at path \"_id\" for model \"products\"","name":"CastError","path":"_id","reason":{},"stringValue":"\"asd\"","value":"asd","valueType":"string"}
{"kind":"ObjectId","message":"Cast to ObjectId failed for value \"wd1dw\" (type string) at path \"_id\" for model \"products\"","name":"CastError","path":"_id","reason":{},"stringValue":"\"wd1dw\"","value":"wd1dw","valueType":"string"}
{"level":"error"}
{"level":"error"}
{"level":"error"}
{"level":"error"}
{"level":"error"}
{"level":"error"}
{"level":"error"}
{"level":"error"}
{"level":"error"}
{"level":"error"}
{"level":"error"}
{"level":"error"}
{"level":"error"}